[16:33:51.201][info] [#0:/Users/royhuang/.config/coc/extensions/coc-sumneko-lua-data/sumneko-lua-ls/extension/server/main.lua:66]: Lua Lsp startup, root: 	/Users/royhuang/.config/coc/extensions/coc-sumneko-lua-data/sumneko-lua-ls/extension/server
[16:33:51.201][info] [#0:/Users/royhuang/.config/coc/extensions/coc-sumneko-lua-data/sumneko-lua-ls/extension/server/main.lua:67]: ROOT:	/Users/royhuang/.config/coc/extensions/coc-sumneko-lua-data/sumneko-lua-ls/extension/server
[16:33:51.201][info] [#0:/Users/royhuang/.config/coc/extensions/coc-sumneko-lua-data/sumneko-lua-ls/extension/server/main.lua:68]: LOGPATH:	/Users/royhuang/.config/coc/extensions/coc-sumneko-lua-data/sumneko-lua-ls/extension/server/log
[16:33:51.202][info] [#0:/Users/royhuang/.config/coc/extensions/coc-sumneko-lua-data/sumneko-lua-ls/extension/server/main.lua:69]: METAPATH:	/Users/royhuang/.config/coc/extensions/coc-sumneko-lua-data/sumneko-lua-ls/extension/server/meta
[16:33:51.202][info] [#0:/Users/royhuang/.config/coc/extensions/coc-sumneko-lua-data/sumneko-lua-ls/extension/server/main.lua:70]: VERSION:	3.6.19
[16:33:51.220][info] [#0:script/service/service.lua:144]: 
========= Medical Examination Report =========
    --------------- Memory ---------------
        Total: 2.096 MB
        # 00 : 2.096 MB
        # 01 : 0.000 MB
        # 02 : 0.000 MB
        # 03 : 0.000 MB
        # 04 : 0.000 MB
    --------------- Coroutine ---------------
        Total:     0
        Running:   0
        Suspended: 0
        Normal:    0
        Dead:      0
    --------------- Cache ---------------
        Total: 1
        Dead:  0
    ---------------  RPC  ---------------
        Holdon:   0
        Waiting:  0
==============================================
[16:33:51.224][info] [#0:script/client.lua:657]: Client init	{
  capabilities = {
    general = {
      markdown = {
        parser = "marked",
        version = "4.0.10"
      },
      positionEncodings = { "utf-16" },
      regularExpressions = {
        engine = "ECMAScript",
        version = "ES2020"
      },
      staleRequestSupport = {
        cancel = true,
        retryOnContentModified = { "textDocument/inlayHint", "textDocument/semanticTokens/full", "textDocument/semanticTokens/range", "textDocument/semanticTokens/full/delta" }
      }
    },
    textDocument = {
      callHierarchy = {
        dynamicRegistration = true
      },
      codeAction = {
        codeActionLiteralSupport = {
          codeActionKind = {
            valueSet = { "", "quickfix", "refactor", "refactor.extract", "refactor.inline", "refactor.rewrite", "source", "source.organizeImports" }
          }
        },
        dataSupport = true,
        disabledSupport = true,
        dynamicRegistration = true,
        honorsChangeAnnotations = false,
        isPreferredSupport = true,
        resolveSupport = {
          properties = { "edit" }
        }
      },
      codeLens = {
        dynamicRegistration = true
      },
      colorProvider = {
        dynamicRegistration = true
      },
      completion = {
        completionItem = {
          commitCharactersSupport = true,
          deprecatedSupport = true,
          documentationFormat = { "markdown", "plaintext" },
          insertReplaceSupport = true,
          insertTextModeSupport = {
            valueSet = { 1, 2 }
          },
          labelDetailsSupport = true,
          preselectSupport = true,
          resolveSupport = {
            properties = { "documentation", "detail", "additionalTextEdits" }
          },
          snippetSupport = true,
          tagSupport = {
            valueSet = { 1 }
          }
        },
        completionItemKind = {
          valueSet = { 1, 2, 3, 4, 5, 6, 7, 8, 9, 10, 11, 12, 13, 14, 15, 16, 17, 18, 19, 20, 21, 22, 23, 24, 25 }
        },
        completionList = {
          itemDefaults = { "commitCharacters", "editRange", "insertTextFormat", "insertTextMode" }
        },
        contextSupport = true,
        dynamicRegistration = true,
        insertTextMode = 2
      },
      declaration = {
        dynamicRegistration = true,
        linkSupport = true
      },
      definition = {
        dynamicRegistration = true,
        linkSupport = true
      },
      diagnostic = {
        dynamicRegistration = true,
        relatedDocumentSupport = true
      },
      documentHighlight = {
        dynamicRegistration = true
      },
      documentLink = {
        dynamicRegistration = true,
        tooltipSupport = true
      },
      documentSymbol = {
        dynamicRegistration = true,
        hierarchicalDocumentSymbolSupport = true,
        labelSupport = true,
        symbolKind = {
          valueSet = { 1, 2, 3, 4, 5, 6, 7, 8, 9, 10, 11, 12, 13, 14, 15, 16, 17, 18, 19, 20, 21, 22, 23, 24, 25, 26 }
        },
        tagSupport = {
          valueSet = { 1 }
        }
      },
      foldingRange = {
        dynamicRegistration = true,
        foldingRange = {
          collapsedText = false
        },
        foldingRangeKind = {
          valueSet = { "comment", "imports", "region" }
        },
        lineFoldingOnly = true,
        rangeLimit = 5000
      },
      formatting = {
        dynamicRegistration = true
      },
      hover = {
        contentFormat = { "markdown", "plaintext" },
        dynamicRegistration = true
      },
      implementation = {
        dynamicRegistration = true,
        linkSupport = true
      },
      inlayHint = {
        dynamicRegistration = true,
        resolveSupport = {
          properties = { "tooltip", "textEdits", "label.tooltip", "label.location", "label.command" }
        }
      },
      inlineValue = {
        dynamicRegistration = true
      },
      linkedEditingRange = {
        dynamicRegistration = true
      },
      onTypeFormatting = {
        dynamicRegistration = true
      },
      publishDiagnostics = {
        codeDescriptionSupport = true,
        dataSupport = true,
        relatedInformation = true,
        tagSupport = {
          valueSet = { 1, 2 }
        },
        versionSupport = true
      },
      rangeFormatting = {
        dynamicRegistration = true
      },
      references = {
        dynamicRegistration = true
      },
      rename = {
        dynamicRegistration = true,
        honorsChangeAnnotations = true,
        prepareSupport = true,
        prepareSupportDefaultBehavior = 1
      },
      selectionRange = {
        dynamicRegistration = true
      },
      semanticTokens = {
        augmentsSyntaxTokens = true,
        dynamicRegistration = true,
        formats = { "relative" },
        multilineTokenSupport = false,
        overlappingTokenSupport = false,
        requests = {
          full = {
            delta = true
          },
          range = true
        },
        serverCancelSupport = true,
        tokenModifiers = { "declaration", "definition", "readonly", "static", "deprecated", "abstract", "async", "modification", "documentation", "defaultLibrary" },
        tokenTypes = { "namespace", "type", "class", "enum", "interface", "struct", "typeParameter", "parameter", "variable", "property", "enumMember", "event", "function", "method", "macro", "keyword", "modifier", "comment", "string", "number", "regexp", "decorator", "operator" }
      },
      signatureHelp = {
        contextSupport = true,
        dynamicRegistration = true,
        signatureInformation = {
          activeParameterSupport = true,
          documentationFormat = { "markdown", "plaintext" },
          parameterInformation = {
            labelOffsetSupport = true
          }
        }
      },
      synchronization = {
        didSave = true,
        dynamicRegistration = true,
        willSave = true,
        willSaveWaitUntil = true
      },
      typeDefinition = {
        dynamicRegistration = true,
        linkSupport = true
      },
      typeHierarchy = {
        dynamicRegistration = true
      }
    },
    window = {
      showDocument = {
        support = true
      },
      showMessage = {
        messageActionItem = {
          additionalPropertiesSupport = true
        }
      },
      workDoneProgress = true
    },
    workspace = {
      applyEdit = true,
      codeLens = {
        refreshSupport = true
      },
      configuration = true,
      diagnostics = {
        refreshSupport = true
      },
      didChangeConfiguration = {
        dynamicRegistration = true
      },
      didChangeWatchedFiles = {
        dynamicRegistration = true,
        relativePatternSupport = true
      },
      executeCommand = {
        dynamicRegistration = true
      },
      fileOperations = {
        didCreate = true,
        didDelete = true,
        didRename = true,
        dynamicRegistration = true,
        willCreate = true,
        willDelete = true,
        willRename = true
      },
      inlayHint = {
        refreshSupport = true
      },
      inlineValue = {
        refreshSupport = true
      },
      semanticTokens = {
        refreshSupport = true
      },
      symbol = {
        dynamicRegistration = true,
        resolveSupport = {
          properties = { "location.range" }
        },
        symbolKind = {
          valueSet = { 1, 2, 3, 4, 5, 6, 7, 8, 9, 10, 11, 12, 13, 14, 15, 16, 17, 18, 19, 20, 21, 22, 23, 24, 25, 26 }
        },
        tagSupport = {
          valueSet = { 1 }
        }
      },
      workspaceEdit = {
        changeAnnotationSupport = {
          groupsOnLabel = false
        },
        documentChanges = true,
        failureHandling = "undo",
        normalizesLineEndings = true,
        resourceOperations = { "create", "rename", "delete" }
      },
      workspaceFolders = true
    }
  },
  clientInfo = {
    name = "coc.nvim",
    version = "0.0.82"
  },
  initializationOptions = {
    changeConfiguration = true
  },
  locale = "en_US",
  processId = 44047,
  rootPath = "/Users/royhuang/Library/Mobile Documents/com~apple~CloudDocs/Documents/ucare/cs230-ta/p3-solution/src/vm",
  rootUri = "file:///Users/royhuang/Library/Mobile%20Documents/com~apple~CloudDocs/Documents/ucare/cs230-ta/p3-solution/src/vm",
  trace = "off",
  workDoneToken = "cc9599ff-71c7-42c3-9534-44801e287d8d",
  workspaceFolders = { {
      name = "vm",
      uri = "file:///Users/royhuang/Library/Mobile%20Documents/com~apple~CloudDocs/Documents/ucare/cs230-ta/p3-solution/src/vm"
    } }
}
[16:33:51.224][info] [#0:script/language.lua:137]: VSC language: en-us
[16:33:51.224][info] [#0:script/language.lua:138]: LS  language: en-us
[16:33:51.224][info] [#0:script/workspace/workspace.lua:38]: Workspace init root: 	file:///Users/royhuang/Library/Mobile%20Documents/com~apple~CloudDocs/Documents/ucare/cs230-ta/p3-solution/src/vm
[16:33:51.224][info] [#0:script/workspace/workspace.lua:42]: Log path: 	/Users/royhuang/.config/coc/extensions/coc-sumneko-lua-data/sumneko-lua-ls/extension/server/log/file_Users_royhuang_Library_Mobile%20Documents_com~apple~CloudDocs_Documents_ucare_cs230-ta_p3-solution_src_vm.log
[16:33:51.224][info] [#0:script/workspace/workspace.lua:48]: Workspace create: 	file:///Users/royhuang/Library/Mobile%20Documents/com~apple~CloudDocs/Documents/ucare/cs230-ta/p3-solution/src/vm
[16:33:51.436][info] [#0:script/provider/provider.lua:46]: Load config from client	file:///Users/royhuang/Library/Mobile%20Documents/com~apple~CloudDocs/Documents/ucare/cs230-ta/p3-solution/src/vm
[16:33:51.436][info] [#0:script/provider/provider.lua:47]: {
  Lua = {
    addonManager = {
      enable = true
    },
    codeLens = {
      enable = false
    },
    completion = {
      autoRequire = true,
      callSnippet = "Disable",
      displayContext = 0,
      enable = true,
      keywordSnippet = "Replace",
      postfix = "@",
      requireSeparator = ".",
      showParams = true,
      showWord = "Fallback",
      workspaceWord = true
    },
    diagnostics = {
      disable = {},
      disableScheme = { "git" },
      enable = true,
      globals = {},
      groupFileStatus = {},
      groupSeverity = {},
      ignoredFiles = "Opened",
      libraryFiles = "Opened",
      neededFileStatus = {},
      severity = {},
      unusedLocalExclude = {},
      workspaceDelay = 3000,
      workspaceEvent = "OnSave",
      workspaceRate = 100
    },
    doc = {
      packageName = {},
      privateName = {},
      protectedName = {}
    },
    format = {
      defaultConfig = {},
      enable = true
    },
    hint = {
      arrayIndex = "Auto",
      await = true,
      enable = true,
      paramName = "All",
      paramType = true,
      semicolon = "SameLine",
      setType = false
    },
    hover = {
      enable = true,
      enumsLimit = 5,
      expandAlias = true,
      previewFields = 50,
      viewNumber = true,
      viewString = true,
      viewStringMax = 1000
    },
    misc = {
      executablePath = "",
      parameters = {}
    },
    runtime = {
      builtin = {},
      fileEncoding = "utf8",
      meta = "${version} ${language} ${encoding}",
      nonstandardSymbol = {},
      path = { "?.lua", "?/init.lua" },
      pathStrict = false,
      plugin = "",
      pluginArgs = {},
      special = {},
      unicodeName = false,
      version = "Lua 5.4"
    },
    semantic = {
      annotation = true,
      enable = true,
      keyword = false,
      variable = true
    },
    signatureHelp = {
      enable = true
    },
    spell = {
      dict = {}
    },
    type = {
      castNumberToInteger = true,
      weakNilCheck = false,
      weakUnionCheck = false
    },
    typeFormat = {
      config = {}
    },
    window = {
      progressBar = true,
      statusBar = true
    },
    workspace = {
      checkThirdParty = true,
      ignoreDir = { ".vscode" },
      ignoreSubmodules = true,
      library = { "/opt/homebrew/Cellar/neovim/0.9.4/share/nvim/runtime/lua", "/Users/royhuang/.config/coc/extensions/coc-sumneko-lua-data/neodev/types/nightly" },
      maxPreload = 5000,
      preloadFileSize = 1500,
      useGitIgnore = true,
      userThirdParty = {}
    }
  }
}
[16:33:51.539][info] [#0:script/provider/completion.lua:43]: Enable completion.
[16:33:51.539][info] [#0:script/provider/provider.lua:61]: Load config from client	fallback
[16:33:51.540][info] [#0:script/provider/provider.lua:62]: {
  Lua = {
    addonManager = {
      enable = true
    },
    codeLens = {
      enable = false
    },
    completion = {
      autoRequire = true,
      callSnippet = "Disable",
      displayContext = 0,
      enable = true,
      keywordSnippet = "Replace",
      postfix = "@",
      requireSeparator = ".",
      showParams = true,
      showWord = "Fallback",
      workspaceWord = true
    },
    diagnostics = {
      disable = {},
      disableScheme = { "git" },
      enable = true,
      globals = {},
      groupFileStatus = {},
      groupSeverity = {},
      ignoredFiles = "Opened",
      libraryFiles = "Opened",
      neededFileStatus = {},
      severity = {},
      unusedLocalExclude = {},
      workspaceDelay = 3000,
      workspaceEvent = "OnSave",
      workspaceRate = 100
    },
    doc = {
      packageName = {},
      privateName = {},
      protectedName = {}
    },
    format = {
      defaultConfig = {},
      enable = true
    },
    hint = {
      arrayIndex = "Auto",
      await = true,
      enable = true,
      paramName = "All",
      paramType = true,
      semicolon = "SameLine",
      setType = false
    },
    hover = {
      enable = true,
      enumsLimit = 5,
      expandAlias = true,
      previewFields = 50,
      viewNumber = true,
      viewString = true,
      viewStringMax = 1000
    },
    misc = {
      executablePath = "",
      parameters = {}
    },
    runtime = {
      builtin = {},
      fileEncoding = "utf8",
      meta = "${version} ${language} ${encoding}",
      nonstandardSymbol = {},
      path = { "?.lua", "?/init.lua" },
      pathStrict = false,
      plugin = "",
      pluginArgs = {},
      special = {},
      unicodeName = false,
      version = "Lua 5.4"
    },
    semantic = {
      annotation = true,
      enable = true,
      keyword = false,
      variable = true
    },
    signatureHelp = {
      enable = true
    },
    spell = {
      dict = {}
    },
    type = {
      castNumberToInteger = true,
      weakNilCheck = false,
      weakUnionCheck = false
    },
    typeFormat = {
      config = {}
    },
    window = {
      progressBar = true,
      statusBar = true
    },
    workspace = {
      checkThirdParty = true,
      ignoreDir = { ".vscode" },
      ignoreSubmodules = true,
      library = { "/opt/homebrew/Cellar/neovim/0.9.4/share/nvim/runtime/lua", "/Users/royhuang/.config/coc/extensions/coc-sumneko-lua-data/neodev/types/nightly" },
      maxPreload = 5000,
      preloadFileSize = 1500,
      useGitIgnore = true,
      userThirdParty = {}
    }
  }
}
[16:33:51.644][info] [#0:script/library.lua:212]: Init builtin library at:	file:///Users/royhuang/Library/Mobile%20Documents/com~apple~CloudDocs/Documents/ucare/cs230-ta/p3-solution/src/vm
[16:33:51.658][info] [#0:script/plugin.lua:86]: plugin path:	/Users/royhuang/Library/Mobile Documents/com~apple~CloudDocs/Documents/ucare/cs230-ta/p3-solution/src/vm
[16:33:51.658][warn] [#0:script/plugin.lua:101]: plugin not found:	/Users/royhuang/Library/Mobile Documents/com~apple~CloudDocs/Documents/ucare/cs230-ta/p3-solution/src/vm
[16:33:51.658][info] [#0:script/library.lua:212]: Init builtin library at:	nil
[16:33:51.770][info] [#0:script/workspace/workspace.lua:322]: Preload start:	file:///Users/royhuang/Library/Mobile%20Documents/com~apple~CloudDocs/Documents/ucare/cs230-ta/p3-solution/src/vm
[16:33:51.773][info] [#0:script/workspace/workspace.lua:328]: Scan files at:	file:///Users/royhuang/Library/Mobile%20Documents/com~apple~CloudDocs/Documents/ucare/cs230-ta/p3-solution/src/vm
[16:33:51.775][info] [#0:script/workspace/workspace.lua:322]: Preload start:	<fallback>
[16:33:51.776][info] [#0:script/workspace/workspace.lua:351]: Scan library at:	file:///Users/royhuang/.config/coc/extensions/coc-sumneko-lua-data/sumneko-lua-ls/extension/server/meta/Lua%205.4%20en-us%20utf8/io.lua
[16:33:51.776][info] [#0:script/workspace/workspace.lua:351]: Scan library at:	file:///opt/homebrew/Cellar/neovim/0.9.4/share/nvim/runtime/lua
[16:33:51.779][info] [#0:script/workspace/workspace.lua:351]: Scan library at:	file:///Users/royhuang/.config/coc/extensions/coc-sumneko-lua-data/sumneko-lua-ls/extension/server/meta/Lua%205.4%20en-us%20utf8/io.lua
[16:33:51.779][info] [#0:script/workspace/workspace.lua:351]: Scan library at:	file:///opt/homebrew/Cellar/neovim/0.9.4/share/nvim/runtime/lua
[16:33:51.781][info] [#0:script/workspace/workspace.lua:351]: Scan library at:	file:///Users/royhuang/.config/coc/extensions/coc-sumneko-lua-data/sumneko-lua-ls/extension/server/meta/Lua%205.4%20en-us%20utf8/basic.lua
[16:33:51.781][info] [#0:script/workspace/workspace.lua:351]: Scan library at:	file:///Users/royhuang/.config/coc/extensions/coc-sumneko-lua-data/sumneko-lua-ls/extension/server/meta/Lua%205.4%20en-us%20utf8/utf8.lua
[16:33:51.781][info] [#0:script/workspace/workspace.lua:351]: Scan library at:	file:///Users/royhuang/.config/coc/extensions/coc-sumneko-lua-data/sumneko-lua-ls/extension/server/meta/Lua%205.4%20en-us%20utf8/debug.lua
[16:33:51.781][info] [#0:script/workspace/workspace.lua:351]: Scan library at:	file:///Users/royhuang/.config/coc/extensions/coc-sumneko-lua-data/sumneko-lua-ls/extension/server/meta/Lua%205.4%20en-us%20utf8/coroutine.lua
[16:33:51.781][info] [#0:script/workspace/workspace.lua:351]: Scan library at:	file:///Users/royhuang/.config/coc/extensions/coc-sumneko-lua-data/sumneko-lua-ls/extension/server/meta/Lua%205.4%20en-us%20utf8/math.lua
[16:33:51.781][info] [#0:script/workspace/workspace.lua:351]: Scan library at:	file:///Users/royhuang/.config/coc/extensions/coc-sumneko-lua-data/sumneko-lua-ls/extension/server/meta/Lua%205.4%20en-us%20utf8/package.lua
[16:33:51.781][info] [#0:script/workspace/workspace.lua:351]: Scan library at:	file:///Users/royhuang/.config/coc/extensions/coc-sumneko-lua-data/sumneko-lua-ls/extension/server/meta/Lua%205.4%20en-us%20utf8/table.lua
[16:33:51.782][info] [#0:script/workspace/workspace.lua:351]: Scan library at:	file:///Users/royhuang/.config/coc/extensions/coc-sumneko-lua-data/sumneko-lua-ls/extension/server/meta/Lua%205.4%20en-us%20utf8/builtin.lua
[16:33:51.782][info] [#0:script/workspace/workspace.lua:351]: Scan library at:	file:///Users/royhuang/.config/coc/extensions/coc-sumneko-lua-data/neodev/types/nightly
[16:33:51.783][info] [#0:script/workspace/workspace.lua:351]: Scan library at:	file:///Users/royhuang/.config/coc/extensions/coc-sumneko-lua-data/sumneko-lua-ls/extension/server/meta/Lua%205.4%20en-us%20utf8/string.lua
[16:33:51.783][info] [#0:script/workspace/workspace.lua:351]: Scan library at:	file:///Users/royhuang/.config/coc/extensions/coc-sumneko-lua-data/sumneko-lua-ls/extension/server/meta/Lua%205.4%20en-us%20utf8/os.lua
[16:33:51.783][info] [#0:script/workspace/workspace.lua:351]: Scan library at:	file:///Users/royhuang/.config/coc/extensions/coc-sumneko-lua-data/sumneko-lua-ls/extension/server/meta/Lua%205.4%20en-us%20utf8/basic.lua
[16:33:51.783][info] [#0:script/workspace/workspace.lua:351]: Scan library at:	file:///Users/royhuang/.config/coc/extensions/coc-sumneko-lua-data/sumneko-lua-ls/extension/server/meta/Lua%205.4%20en-us%20utf8/utf8.lua
[16:33:51.783][info] [#0:script/workspace/workspace.lua:351]: Scan library at:	file:///Users/royhuang/.config/coc/extensions/coc-sumneko-lua-data/sumneko-lua-ls/extension/server/meta/Lua%205.4%20en-us%20utf8/debug.lua
[16:33:51.783][info] [#0:script/workspace/workspace.lua:351]: Scan library at:	file:///Users/royhuang/.config/coc/extensions/coc-sumneko-lua-data/sumneko-lua-ls/extension/server/meta/Lua%205.4%20en-us%20utf8/coroutine.lua
[16:33:51.783][info] [#0:script/workspace/workspace.lua:351]: Scan library at:	file:///Users/royhuang/.config/coc/extensions/coc-sumneko-lua-data/sumneko-lua-ls/extension/server/meta/Lua%205.4%20en-us%20utf8/math.lua
[16:33:51.783][info] [#0:script/workspace/workspace.lua:351]: Scan library at:	file:///Users/royhuang/.config/coc/extensions/coc-sumneko-lua-data/sumneko-lua-ls/extension/server/meta/Lua%205.4%20en-us%20utf8/package.lua
[16:33:51.783][info] [#0:script/workspace/workspace.lua:351]: Scan library at:	file:///Users/royhuang/.config/coc/extensions/coc-sumneko-lua-data/sumneko-lua-ls/extension/server/meta/Lua%205.4%20en-us%20utf8/table.lua
[16:33:51.783][info] [#0:script/workspace/workspace.lua:351]: Scan library at:	file:///Users/royhuang/.config/coc/extensions/coc-sumneko-lua-data/sumneko-lua-ls/extension/server/meta/Lua%205.4%20en-us%20utf8/builtin.lua
[16:33:51.784][info] [#0:script/workspace/workspace.lua:351]: Scan library at:	file:///Users/royhuang/.config/coc/extensions/coc-sumneko-lua-data/neodev/types/nightly
[16:33:51.784][info] [#0:script/workspace/workspace.lua:351]: Scan library at:	file:///Users/royhuang/.config/coc/extensions/coc-sumneko-lua-data/sumneko-lua-ls/extension/server/meta/Lua%205.4%20en-us%20utf8/string.lua
[16:33:51.784][info] [#0:script/workspace/workspace.lua:351]: Scan library at:	file:///Users/royhuang/.config/coc/extensions/coc-sumneko-lua-data/sumneko-lua-ls/extension/server/meta/Lua%205.4%20en-us%20utf8/os.lua
[16:33:51.889][info] [#0:script/workspace/workspace.lua:377]: Found 74 files at:	<fallback>
[16:33:51.889][info] [#0:script/workspace/loading.lua:161]: Load files from disk:	<fallback>
[16:33:51.890][info] [#0:script/workspace/workspace.lua:377]: Found 75 files at:	file:///Users/royhuang/Library/Mobile%20Documents/com~apple~CloudDocs/Documents/ucare/cs230-ta/p3-solution/src/vm
[16:33:51.890][info] [#0:script/workspace/loading.lua:161]: Load files from disk:	file:///Users/royhuang/Library/Mobile%20Documents/com~apple~CloudDocs/Documents/ucare/cs230-ta/p3-solution/src/vm
[16:33:51.892][info] [#0:script/workspace/loading.lua:101]: Preload file at: file:///Users/royhuang/.config/coc/extensions/coc-sumneko-lua-data/sumneko-lua-ls/extension/server/meta/Lua%205.4%20en-us%20utf8/os.lua , size = 4.347 KB
[16:33:51.898][info] [#0:script/workspace/loading.lua:113]: ++++As library of:	file:///Users/royhuang/.config/coc/extensions/coc-sumneko-lua-data/sumneko-lua-ls/extension/server/meta/Lua%205.4%20en-us%20utf8/os.lua
[16:33:51.898][info] [#0:script/workspace/loading.lua:101]: Preload file at: file:///Users/royhuang/.config/coc/extensions/coc-sumneko-lua-data/sumneko-lua-ls/extension/server/meta/Lua%205.4%20en-us%20utf8/string.lua , size = 6.302 KB
[16:33:51.900][info] [#0:script/workspace/loading.lua:113]: ++++As library of:	file:///Users/royhuang/.config/coc/extensions/coc-sumneko-lua-data/sumneko-lua-ls/extension/server/meta/Lua%205.4%20en-us%20utf8/string.lua
[16:33:51.900][info] [#0:script/workspace/loading.lua:98]: Skip loaded file: file:///Users/royhuang/.config/coc/extensions/coc-sumneko-lua-data/sumneko-lua-ls/extension/server/meta/Lua%205.4%20en-us%20utf8/string.lua
[16:33:51.900][info] [#0:script/workspace/loading.lua:98]: Skip loaded file: file:///Users/royhuang/.config/coc/extensions/coc-sumneko-lua-data/sumneko-lua-ls/extension/server/meta/Lua%205.4%20en-us%20utf8/os.lua
[16:33:51.900][info] [#0:script/workspace/loading.lua:101]: Preload file at: file:///Users/royhuang/.config/coc/extensions/coc-sumneko-lua-data/neodev/types/nightly/lua.lua , size = 11.246 KB
[16:33:51.903][info] [#0:script/workspace/loading.lua:113]: ++++As library of:	file:///Users/royhuang/.config/coc/extensions/coc-sumneko-lua-data/neodev/types/nightly
[16:33:51.903][info] [#0:script/workspace/loading.lua:98]: Skip loaded file: file:///Users/royhuang/.config/coc/extensions/coc-sumneko-lua-data/neodev/types/nightly/lua.lua
[16:33:51.903][info] [#0:script/workspace/loading.lua:101]: Preload file at: file:///Users/royhuang/.config/coc/extensions/coc-sumneko-lua-data/neodev/types/nightly/vim.lua , size = 1.042 KB
[16:33:51.904][info] [#0:script/workspace/loading.lua:113]: ++++As library of:	file:///Users/royhuang/.config/coc/extensions/coc-sumneko-lua-data/neodev/types/nightly
[16:33:51.904][info] [#0:script/workspace/loading.lua:98]: Skip loaded file: file:///Users/royhuang/.config/coc/extensions/coc-sumneko-lua-data/neodev/types/nightly/vim.lua
[16:33:51.905][info] [#0:script/workspace/loading.lua:101]: Preload file at: file:///Users/royhuang/.config/coc/extensions/coc-sumneko-lua-data/neodev/types/nightly/uv.lua , size = 121.797 KB
[16:33:51.951][info] [#0:script/workspace/loading.lua:113]: ++++As library of:	file:///Users/royhuang/.config/coc/extensions/coc-sumneko-lua-data/neodev/types/nightly
[16:33:51.951][info] [#0:script/workspace/loading.lua:98]: Skip loaded file: file:///Users/royhuang/.config/coc/extensions/coc-sumneko-lua-data/neodev/types/nightly/uv.lua
[16:33:51.951][info] [#0:script/workspace/loading.lua:101]: Preload file at: file:///Users/royhuang/.config/coc/extensions/coc-sumneko-lua-data/neodev/types/nightly/options.3.lua , size = 108.403 KB
[16:33:51.979][info] [#0:script/workspace/loading.lua:113]: ++++As library of:	file:///Users/royhuang/.config/coc/extensions/coc-sumneko-lua-data/neodev/types/nightly
[16:33:51.979][info] [#0:script/workspace/loading.lua:98]: Skip loaded file: file:///Users/royhuang/.config/coc/extensions/coc-sumneko-lua-data/neodev/types/nightly/options.3.lua
[16:33:51.979][info] [#0:script/workspace/loading.lua:101]: Preload file at: file:///Users/royhuang/.config/coc/extensions/coc-sumneko-lua-data/neodev/types/nightly/options.2.lua , size = 200.089 KB
[16:33:52.029][info] [#0:script/workspace/loading.lua:113]: ++++As library of:	file:///Users/royhuang/.config/coc/extensions/coc-sumneko-lua-data/neodev/types/nightly
[16:33:52.029][info] [#0:script/workspace/loading.lua:98]: Skip loaded file: file:///Users/royhuang/.config/coc/extensions/coc-sumneko-lua-data/neodev/types/nightly/options.2.lua
[16:33:52.029][info] [#0:script/workspace/loading.lua:101]: Preload file at: file:///Users/royhuang/.config/coc/extensions/coc-sumneko-lua-data/neodev/types/nightly/options.1.lua , size = 201.933 KB
[16:33:52.066][info] [#0:script/workspace/loading.lua:113]: ++++As library of:	file:///Users/royhuang/.config/coc/extensions/coc-sumneko-lua-data/neodev/types/nightly
[16:33:52.066][info] [#0:script/workspace/loading.lua:98]: Skip loaded file: file:///Users/royhuang/.config/coc/extensions/coc-sumneko-lua-data/neodev/types/nightly/options.1.lua
[16:33:52.066][info] [#0:script/workspace/loading.lua:101]: Preload file at: file:///Users/royhuang/.config/coc/extensions/coc-sumneko-lua-data/neodev/types/nightly/vim.fn.1.lua , size = 163.758 KB
[16:33:52.104][info] [#0:script/workspace/loading.lua:113]: ++++As library of:	file:///Users/royhuang/.config/coc/extensions/coc-sumneko-lua-data/neodev/types/nightly
[16:33:52.105][info] [#0:script/workspace/loading.lua:98]: Skip loaded file: file:///Users/royhuang/.config/coc/extensions/coc-sumneko-lua-data/neodev/types/nightly/vim.fn.1.lua
[16:33:52.105][info] [#0:script/workspace/loading.lua:101]: Preload file at: file:///Users/royhuang/.config/coc/extensions/coc-sumneko-lua-data/neodev/types/nightly/vim.fn.lua , size = 202.073 KB
[16:33:52.144][info] [#0:script/workspace/loading.lua:113]: ++++As library of:	file:///Users/royhuang/.config/coc/extensions/coc-sumneko-lua-data/neodev/types/nightly
[16:33:52.145][info] [#0:script/workspace/loading.lua:98]: Skip loaded file: file:///Users/royhuang/.config/coc/extensions/coc-sumneko-lua-data/neodev/types/nightly/vim.fn.lua
[16:33:52.145][info] [#0:script/workspace/loading.lua:101]: Preload file at: file:///Users/royhuang/.config/coc/extensions/coc-sumneko-lua-data/neodev/types/nightly/cmd.lua , size = 66.986 KB
[16:33:52.184][info] [#0:script/workspace/loading.lua:113]: ++++As library of:	file:///Users/royhuang/.config/coc/extensions/coc-sumneko-lua-data/neodev/types/nightly
[16:33:52.184][info] [#0:script/workspace/loading.lua:98]: Skip loaded file: file:///Users/royhuang/.config/coc/extensions/coc-sumneko-lua-data/neodev/types/nightly/cmd.lua
[16:33:52.184][info] [#0:script/workspace/loading.lua:101]: Preload file at: file:///Users/royhuang/.config/coc/extensions/coc-sumneko-lua-data/neodev/types/nightly/options.lua , size = 200.305 KB
[16:33:52.216][info] [#0:script/workspace/loading.lua:113]: ++++As library of:	file:///Users/royhuang/.config/coc/extensions/coc-sumneko-lua-data/neodev/types/nightly
[16:33:52.216][info] [#0:script/workspace/loading.lua:98]: Skip loaded file: file:///Users/royhuang/.config/coc/extensions/coc-sumneko-lua-data/neodev/types/nightly/options.lua
[16:33:52.216][info] [#0:script/workspace/loading.lua:101]: Preload file at: file:///Users/royhuang/.config/coc/extensions/coc-sumneko-lua-data/neodev/types/nightly/api.lua , size = 110.098 KB
[16:33:52.239][info] [#0:script/workspace/loading.lua:113]: ++++As library of:	file:///Users/royhuang/.config/coc/extensions/coc-sumneko-lua-data/neodev/types/nightly
[16:33:52.239][info] [#0:script/workspace/loading.lua:98]: Skip loaded file: file:///Users/royhuang/.config/coc/extensions/coc-sumneko-lua-data/neodev/types/nightly/api.lua
[16:33:52.239][info] [#0:script/workspace/loading.lua:101]: Preload file at: file:///Users/royhuang/.config/coc/extensions/coc-sumneko-lua-data/neodev/types/nightly/alias.lua , size = 0.217 KB
[16:33:52.240][info] [#0:script/workspace/loading.lua:113]: ++++As library of:	file:///Users/royhuang/.config/coc/extensions/coc-sumneko-lua-data/neodev/types/nightly
[16:33:52.240][info] [#0:script/workspace/loading.lua:98]: Skip loaded file: file:///Users/royhuang/.config/coc/extensions/coc-sumneko-lua-data/neodev/types/nightly/alias.lua
[16:33:52.240][info] [#0:script/workspace/loading.lua:101]: Preload file at: file:///Users/royhuang/.config/coc/extensions/coc-sumneko-lua-data/sumneko-lua-ls/extension/server/meta/Lua%205.4%20en-us%20utf8/builtin.lua , size = 0.302 KB
[16:33:52.240][info] [#0:script/workspace/loading.lua:113]: ++++As library of:	file:///Users/royhuang/.config/coc/extensions/coc-sumneko-lua-data/sumneko-lua-ls/extension/server/meta/Lua%205.4%20en-us%20utf8/builtin.lua
[16:33:52.240][info] [#0:script/workspace/loading.lua:98]: Skip loaded file: file:///Users/royhuang/.config/coc/extensions/coc-sumneko-lua-data/sumneko-lua-ls/extension/server/meta/Lua%205.4%20en-us%20utf8/builtin.lua
[16:33:52.240][info] [#0:script/workspace/loading.lua:101]: Preload file at: file:///Users/royhuang/.config/coc/extensions/coc-sumneko-lua-data/sumneko-lua-ls/extension/server/meta/Lua%205.4%20en-us%20utf8/table.lua , size = 4.230 KB
[16:33:52.242][info] [#0:script/workspace/loading.lua:113]: ++++As library of:	file:///Users/royhuang/.config/coc/extensions/coc-sumneko-lua-data/sumneko-lua-ls/extension/server/meta/Lua%205.4%20en-us%20utf8/table.lua
[16:33:52.242][info] [#0:script/workspace/loading.lua:98]: Skip loaded file: file:///Users/royhuang/.config/coc/extensions/coc-sumneko-lua-data/sumneko-lua-ls/extension/server/meta/Lua%205.4%20en-us%20utf8/table.lua
[16:33:52.242][info] [#0:script/workspace/loading.lua:101]: Preload file at: file:///Users/royhuang/.config/coc/extensions/coc-sumneko-lua-data/sumneko-lua-ls/extension/server/meta/Lua%205.4%20en-us%20utf8/package.lua , size = 2.944 KB
[16:33:52.243][info] [#0:script/workspace/loading.lua:113]: ++++As library of:	file:///Users/royhuang/.config/coc/extensions/coc-sumneko-lua-data/sumneko-lua-ls/extension/server/meta/Lua%205.4%20en-us%20utf8/package.lua
[16:33:52.243][info] [#0:script/workspace/loading.lua:98]: Skip loaded file: file:///Users/royhuang/.config/coc/extensions/coc-sumneko-lua-data/sumneko-lua-ls/extension/server/meta/Lua%205.4%20en-us%20utf8/package.lua
[16:33:52.243][info] [#0:script/workspace/loading.lua:101]: Preload file at: file:///Users/royhuang/.config/coc/extensions/coc-sumneko-lua-data/sumneko-lua-ls/extension/server/meta/Lua%205.4%20en-us%20utf8/math.lua , size = 8.731 KB
[16:33:52.247][info] [#0:script/workspace/loading.lua:113]: ++++As library of:	file:///Users/royhuang/.config/coc/extensions/coc-sumneko-lua-data/sumneko-lua-ls/extension/server/meta/Lua%205.4%20en-us%20utf8/math.lua
[16:33:52.247][info] [#0:script/workspace/loading.lua:98]: Skip loaded file: file:///Users/royhuang/.config/coc/extensions/coc-sumneko-lua-data/sumneko-lua-ls/extension/server/meta/Lua%205.4%20en-us%20utf8/math.lua
[16:33:52.247][info] [#0:script/workspace/loading.lua:101]: Preload file at: file:///Users/royhuang/.config/coc/extensions/coc-sumneko-lua-data/sumneko-lua-ls/extension/server/meta/Lua%205.4%20en-us%20utf8/coroutine.lua , size = 2.590 KB
[16:33:52.248][info] [#0:script/workspace/loading.lua:113]: ++++As library of:	file:///Users/royhuang/.config/coc/extensions/coc-sumneko-lua-data/sumneko-lua-ls/extension/server/meta/Lua%205.4%20en-us%20utf8/coroutine.lua
[16:33:52.248][info] [#0:script/workspace/loading.lua:98]: Skip loaded file: file:///Users/royhuang/.config/coc/extensions/coc-sumneko-lua-data/sumneko-lua-ls/extension/server/meta/Lua%205.4%20en-us%20utf8/coroutine.lua
[16:33:52.248][info] [#0:script/workspace/loading.lua:101]: Preload file at: file:///Users/royhuang/.config/coc/extensions/coc-sumneko-lua-data/sumneko-lua-ls/extension/server/meta/Lua%205.4%20en-us%20utf8/debug.lua , size = 7.637 KB
[16:33:52.251][info] [#0:script/workspace/loading.lua:113]: ++++As library of:	file:///Users/royhuang/.config/coc/extensions/coc-sumneko-lua-data/sumneko-lua-ls/extension/server/meta/Lua%205.4%20en-us%20utf8/debug.lua
[16:33:52.251][info] [#0:script/workspace/loading.lua:98]: Skip loaded file: file:///Users/royhuang/.config/coc/extensions/coc-sumneko-lua-data/sumneko-lua-ls/extension/server/meta/Lua%205.4%20en-us%20utf8/debug.lua
[16:33:52.251][info] [#0:script/workspace/loading.lua:101]: Preload file at: file:///Users/royhuang/.config/coc/extensions/coc-sumneko-lua-data/sumneko-lua-ls/extension/server/meta/Lua%205.4%20en-us%20utf8/utf8.lua , size = 2.386 KB
[16:33:52.252][info] [#0:script/workspace/loading.lua:113]: ++++As library of:	file:///Users/royhuang/.config/coc/extensions/coc-sumneko-lua-data/sumneko-lua-ls/extension/server/meta/Lua%205.4%20en-us%20utf8/utf8.lua
[16:33:52.252][info] [#0:script/workspace/loading.lua:98]: Skip loaded file: file:///Users/royhuang/.config/coc/extensions/coc-sumneko-lua-data/sumneko-lua-ls/extension/server/meta/Lua%205.4%20en-us%20utf8/utf8.lua
[16:33:52.252][info] [#0:script/workspace/loading.lua:101]: Preload file at: file:///Users/royhuang/.config/coc/extensions/coc-sumneko-lua-data/sumneko-lua-ls/extension/server/meta/Lua%205.4%20en-us%20utf8/basic.lua , size = 14.160 KB
[16:33:52.257][info] [#0:script/workspace/loading.lua:113]: ++++As library of:	file:///Users/royhuang/.config/coc/extensions/coc-sumneko-lua-data/sumneko-lua-ls/extension/server/meta/Lua%205.4%20en-us%20utf8/basic.lua
[16:33:52.257][info] [#0:script/workspace/loading.lua:98]: Skip loaded file: file:///Users/royhuang/.config/coc/extensions/coc-sumneko-lua-data/sumneko-lua-ls/extension/server/meta/Lua%205.4%20en-us%20utf8/basic.lua
[16:33:52.257][info] [#0:script/workspace/loading.lua:101]: Preload file at: file:///opt/homebrew/Cellar/neovim/0.9.4/share/nvim/runtime/lua/vim/loader.lua , size = 16.182 KB
[16:33:52.265][info] [#0:script/workspace/loading.lua:113]: ++++As library of:	file:///opt/homebrew/Cellar/neovim/0.9.4/share/nvim/runtime/lua
[16:33:52.265][info] [#0:script/workspace/loading.lua:98]: Skip loaded file: file:///opt/homebrew/Cellar/neovim/0.9.4/share/nvim/runtime/lua/vim/loader.lua
[16:33:52.265][info] [#0:script/workspace/loading.lua:101]: Preload file at: file:///opt/homebrew/Cellar/neovim/0.9.4/share/nvim/runtime/lua/vim/shared.lua , size = 22.292 KB
[16:33:52.274][info] [#0:script/workspace/loading.lua:113]: ++++As library of:	file:///opt/homebrew/Cellar/neovim/0.9.4/share/nvim/runtime/lua
[16:33:52.274][info] [#0:script/workspace/loading.lua:89]: Skip loaded file: file:///opt/homebrew/Cellar/neovim/0.9.4/share/nvim/runtime/lua/vim/shared.lua
[16:33:52.274][info] [#0:script/workspace/loading.lua:113]: ++++As library of:	file:///opt/homebrew/Cellar/neovim/0.9.4/share/nvim/runtime/lua
[16:33:52.274][info] [#0:script/workspace/loading.lua:101]: Preload file at: file:///opt/homebrew/Cellar/neovim/0.9.4/share/nvim/runtime/lua/vim/diagnostic.lua , size = 56.640 KB
[16:33:52.294][info] [#0:script/workspace/loading.lua:113]: ++++As library of:	file:///opt/homebrew/Cellar/neovim/0.9.4/share/nvim/runtime/lua
[16:33:52.294][info] [#0:script/workspace/loading.lua:98]: Skip loaded file: file:///opt/homebrew/Cellar/neovim/0.9.4/share/nvim/runtime/lua/vim/diagnostic.lua
[16:33:52.295][info] [#0:script/workspace/loading.lua:101]: Preload file at: file:///opt/homebrew/Cellar/neovim/0.9.4/share/nvim/runtime/lua/vim/_inspector.lua , size = 7.915 KB
[16:33:52.316][info] [#0:script/workspace/loading.lua:113]: ++++As library of:	file:///opt/homebrew/Cellar/neovim/0.9.4/share/nvim/runtime/lua
[16:33:52.316][info] [#0:script/workspace/loading.lua:98]: Skip loaded file: file:///opt/homebrew/Cellar/neovim/0.9.4/share/nvim/runtime/lua/vim/_inspector.lua
[16:33:52.316][info] [#0:script/workspace/loading.lua:101]: Preload file at: file:///opt/homebrew/Cellar/neovim/0.9.4/share/nvim/runtime/lua/vim/treesitter/_meta.lua , size = 2.839 KB
[16:33:52.318][info] [#0:script/workspace/loading.lua:113]: ++++As library of:	file:///opt/homebrew/Cellar/neovim/0.9.4/share/nvim/runtime/lua
[16:33:52.318][info] [#0:script/workspace/loading.lua:98]: Skip loaded file: file:///opt/homebrew/Cellar/neovim/0.9.4/share/nvim/runtime/lua/vim/treesitter/_meta.lua
[16:33:52.318][info] [#0:script/workspace/loading.lua:101]: Preload file at: file:///opt/homebrew/Cellar/neovim/0.9.4/share/nvim/runtime/lua/vim/treesitter/_fold.lua , size = 8.207 KB
[16:33:52.322][info] [#0:script/workspace/loading.lua:113]: ++++As library of:	file:///opt/homebrew/Cellar/neovim/0.9.4/share/nvim/runtime/lua
[16:33:52.322][info] [#0:script/workspace/loading.lua:98]: Skip loaded file: file:///opt/homebrew/Cellar/neovim/0.9.4/share/nvim/runtime/lua/vim/treesitter/_fold.lua
[16:33:52.322][info] [#0:script/workspace/loading.lua:101]: Preload file at: file:///opt/homebrew/Cellar/neovim/0.9.4/share/nvim/runtime/lua/vim/treesitter/_range.lua , size = 3.646 KB
[16:33:52.324][info] [#0:script/workspace/loading.lua:113]: ++++As library of:	file:///opt/homebrew/Cellar/neovim/0.9.4/share/nvim/runtime/lua
[16:33:52.324][info] [#0:script/workspace/loading.lua:98]: Skip loaded file: file:///opt/homebrew/Cellar/neovim/0.9.4/share/nvim/runtime/lua/vim/treesitter/_range.lua
[16:33:52.324][info] [#0:script/workspace/loading.lua:101]: Preload file at: file:///opt/homebrew/Cellar/neovim/0.9.4/share/nvim/runtime/lua/vim/treesitter/health.lua , size = 0.888 KB
[16:33:52.324][info] [#0:script/workspace/loading.lua:113]: ++++As library of:	file:///opt/homebrew/Cellar/neovim/0.9.4/share/nvim/runtime/lua
[16:33:52.324][info] [#0:script/workspace/loading.lua:98]: Skip loaded file: file:///opt/homebrew/Cellar/neovim/0.9.4/share/nvim/runtime/lua/vim/treesitter/health.lua
[16:33:52.324][info] [#0:script/workspace/loading.lua:101]: Preload file at: file:///opt/homebrew/Cellar/neovim/0.9.4/share/nvim/runtime/lua/vim/treesitter/languagetree.lua , size = 27.647 KB
[16:33:52.336][info] [#0:script/workspace/loading.lua:113]: ++++As library of:	file:///opt/homebrew/Cellar/neovim/0.9.4/share/nvim/runtime/lua
[16:33:52.336][info] [#0:script/workspace/loading.lua:98]: Skip loaded file: file:///opt/homebrew/Cellar/neovim/0.9.4/share/nvim/runtime/lua/vim/treesitter/languagetree.lua
[16:33:52.336][info] [#0:script/workspace/loading.lua:101]: Preload file at: file:///opt/homebrew/Cellar/neovim/0.9.4/share/nvim/runtime/lua/vim/treesitter/playground.lua , size = 12.562 KB
[16:33:52.341][info] [#0:script/workspace/loading.lua:113]: ++++As library of:	file:///opt/homebrew/Cellar/neovim/0.9.4/share/nvim/runtime/lua
[16:33:52.341][info] [#0:script/workspace/loading.lua:89]: Skip loaded file: file:///opt/homebrew/Cellar/neovim/0.9.4/share/nvim/runtime/lua/vim/treesitter/playground.lua
[16:33:52.341][info] [#0:script/workspace/loading.lua:113]: ++++As library of:	file:///opt/homebrew/Cellar/neovim/0.9.4/share/nvim/runtime/lua
[16:33:52.345][info] [#0:script/workspace/loading.lua:101]: Preload file at: file:///opt/homebrew/Cellar/neovim/0.9.4/share/nvim/runtime/lua/vim/treesitter/language.lua , size = 3.558 KB
[16:33:52.347][info] [#0:script/workspace/loading.lua:113]: ++++As library of:	file:///opt/homebrew/Cellar/neovim/0.9.4/share/nvim/runtime/lua
[16:33:52.347][info] [#0:script/workspace/loading.lua:98]: Skip loaded file: file:///opt/homebrew/Cellar/neovim/0.9.4/share/nvim/runtime/lua/vim/treesitter/language.lua
[16:33:52.347][info] [#0:script/workspace/loading.lua:101]: Preload file at: file:///opt/homebrew/Cellar/neovim/0.9.4/share/nvim/runtime/lua/vim/treesitter/query.lua , size = 21.253 KB
[16:33:52.355][info] [#0:script/workspace/loading.lua:113]: ++++As library of:	file:///opt/homebrew/Cellar/neovim/0.9.4/share/nvim/runtime/lua
[16:33:52.355][info] [#0:script/workspace/loading.lua:98]: Skip loaded file: file:///opt/homebrew/Cellar/neovim/0.9.4/share/nvim/runtime/lua/vim/treesitter/query.lua
[16:33:52.355][info] [#0:script/workspace/loading.lua:101]: Preload file at: file:///opt/homebrew/Cellar/neovim/0.9.4/share/nvim/runtime/lua/vim/treesitter/highlighter.lua , size = 8.781 KB
[16:33:52.359][info] [#0:script/workspace/loading.lua:113]: ++++As library of:	file:///opt/homebrew/Cellar/neovim/0.9.4/share/nvim/runtime/lua
[16:33:52.359][info] [#0:script/workspace/loading.lua:89]: Skip loaded file: file:///opt/homebrew/Cellar/neovim/0.9.4/share/nvim/runtime/lua/vim/treesitter/highlighter.lua
[16:33:52.359][info] [#0:script/workspace/loading.lua:113]: ++++As library of:	file:///opt/homebrew/Cellar/neovim/0.9.4/share/nvim/runtime/lua
[16:33:52.359][info] [#0:script/workspace/loading.lua:101]: Preload file at: file:///opt/homebrew/Cellar/neovim/0.9.4/share/nvim/runtime/lua/vim/health.lua , size = 1.782 KB
[16:33:52.360][info] [#0:script/workspace/loading.lua:113]: ++++As library of:	file:///opt/homebrew/Cellar/neovim/0.9.4/share/nvim/runtime/lua
[16:33:52.360][info] [#0:script/workspace/loading.lua:98]: Skip loaded file: file:///opt/homebrew/Cellar/neovim/0.9.4/share/nvim/runtime/lua/vim/health.lua
[16:33:52.360][info] [#0:script/workspace/loading.lua:101]: Preload file at: file:///opt/homebrew/Cellar/neovim/0.9.4/share/nvim/runtime/lua/vim/keymap.lua , size = 3.573 KB
[16:33:52.362][info] [#0:script/workspace/loading.lua:113]: ++++As library of:	file:///opt/homebrew/Cellar/neovim/0.9.4/share/nvim/runtime/lua
[16:33:52.362][info] [#0:script/workspace/loading.lua:98]: Skip loaded file: file:///opt/homebrew/Cellar/neovim/0.9.4/share/nvim/runtime/lua/vim/keymap.lua
[16:33:52.362][info] [#0:script/workspace/loading.lua:101]: Preload file at: file:///opt/homebrew/Cellar/neovim/0.9.4/share/nvim/runtime/lua/vim/secure.lua , size = 4.830 KB
[16:33:52.364][info] [#0:script/workspace/loading.lua:113]: ++++As library of:	file:///opt/homebrew/Cellar/neovim/0.9.4/share/nvim/runtime/lua
[16:33:52.364][info] [#0:script/workspace/loading.lua:89]: Skip loaded file: file:///opt/homebrew/Cellar/neovim/0.9.4/share/nvim/runtime/lua/vim/secure.lua
[16:33:52.364][info] [#0:script/workspace/loading.lua:113]: ++++As library of:	file:///opt/homebrew/Cellar/neovim/0.9.4/share/nvim/runtime/lua
[16:33:52.364][info] [#0:script/workspace/loading.lua:101]: Preload file at: file:///opt/homebrew/Cellar/neovim/0.9.4/share/nvim/runtime/lua/vim/_editor.lua , size = 29.364 KB
[16:33:52.375][info] [#0:script/workspace/loading.lua:113]: ++++As library of:	file:///opt/homebrew/Cellar/neovim/0.9.4/share/nvim/runtime/lua
[16:33:52.375][info] [#0:script/workspace/loading.lua:98]: Skip loaded file: file:///opt/homebrew/Cellar/neovim/0.9.4/share/nvim/runtime/lua/vim/_editor.lua
[16:33:52.375][info] [#0:script/workspace/loading.lua:101]: Preload file at: file:///opt/homebrew/Cellar/neovim/0.9.4/share/nvim/runtime/lua/vim/highlight.lua , size = 3.749 KB
[16:33:52.376][info] [#0:script/workspace/loading.lua:113]: ++++As library of:	file:///opt/homebrew/Cellar/neovim/0.9.4/share/nvim/runtime/lua
[16:33:52.376][info] [#0:script/workspace/loading.lua:98]: Skip loaded file: file:///opt/homebrew/Cellar/neovim/0.9.4/share/nvim/runtime/lua/vim/highlight.lua
[16:33:52.376][info] [#0:script/workspace/loading.lua:101]: Preload file at: file:///opt/homebrew/Cellar/neovim/0.9.4/share/nvim/runtime/lua/vim/lsp/diagnostic.lua , size = 8.867 KB
[16:33:52.380][info] [#0:script/workspace/loading.lua:113]: ++++As library of:	file:///opt/homebrew/Cellar/neovim/0.9.4/share/nvim/runtime/lua
[16:33:52.380][info] [#0:script/workspace/loading.lua:98]: Skip loaded file: file:///opt/homebrew/Cellar/neovim/0.9.4/share/nvim/runtime/lua/vim/lsp/diagnostic.lua
[16:33:52.380][info] [#0:script/workspace/loading.lua:101]: Preload file at: file:///opt/homebrew/Cellar/neovim/0.9.4/share/nvim/runtime/lua/vim/lsp/protocol.lua , size = 28.367 KB
[16:33:52.384][info] [#0:script/workspace/loading.lua:113]: ++++As library of:	file:///opt/homebrew/Cellar/neovim/0.9.4/share/nvim/runtime/lua
[16:33:52.384][info] [#0:script/workspace/loading.lua:98]: Skip loaded file: file:///opt/homebrew/Cellar/neovim/0.9.4/share/nvim/runtime/lua/vim/lsp/protocol.lua
[16:33:52.384][info] [#0:script/workspace/loading.lua:101]: Preload file at: file:///opt/homebrew/Cellar/neovim/0.9.4/share/nvim/runtime/lua/vim/lsp/health.lua , size = 1.240 KB
[16:33:52.385][info] [#0:script/workspace/loading.lua:113]: ++++As library of:	file:///opt/homebrew/Cellar/neovim/0.9.4/share/nvim/runtime/lua
[16:33:52.385][info] [#0:script/workspace/loading.lua:98]: Skip loaded file: file:///opt/homebrew/Cellar/neovim/0.9.4/share/nvim/runtime/lua/vim/lsp/health.lua
[16:33:52.385][info] [#0:script/workspace/loading.lua:101]: Preload file at: file:///opt/homebrew/Cellar/neovim/0.9.4/share/nvim/runtime/lua/vim/lsp/codelens.lua , size = 8.554 KB
[16:33:52.389][info] [#0:script/workspace/loading.lua:113]: ++++As library of:	file:///opt/homebrew/Cellar/neovim/0.9.4/share/nvim/runtime/lua
[16:33:52.389][info] [#0:script/workspace/loading.lua:98]: Skip loaded file: file:///opt/homebrew/Cellar/neovim/0.9.4/share/nvim/runtime/lua/vim/lsp/codelens.lua
[16:33:52.389][info] [#0:script/workspace/loading.lua:101]: Preload file at: file:///opt/homebrew/Cellar/neovim/0.9.4/share/nvim/runtime/lua/vim/lsp/_watchfiles.lua , size = 9.692 KB
[16:33:52.393][info] [#0:script/workspace/loading.lua:113]: ++++As library of:	file:///opt/homebrew/Cellar/neovim/0.9.4/share/nvim/runtime/lua
[16:33:52.393][info] [#0:script/workspace/loading.lua:98]: Skip loaded file: file:///opt/homebrew/Cellar/neovim/0.9.4/share/nvim/runtime/lua/vim/lsp/_watchfiles.lua
[16:33:52.393][info] [#0:script/workspace/loading.lua:101]: Preload file at: file:///opt/homebrew/Cellar/neovim/0.9.4/share/nvim/runtime/lua/vim/lsp/sync.lua , size = 15.681 KB
[16:33:52.397][info] [#0:script/workspace/loading.lua:113]: ++++As library of:	file:///opt/homebrew/Cellar/neovim/0.9.4/share/nvim/runtime/lua
[16:33:52.397][info] [#0:script/workspace/loading.lua:89]: Skip loaded file: file:///opt/homebrew/Cellar/neovim/0.9.4/share/nvim/runtime/lua/vim/lsp/sync.lua
[16:33:52.397][info] [#0:script/workspace/loading.lua:113]: ++++As library of:	file:///opt/homebrew/Cellar/neovim/0.9.4/share/nvim/runtime/lua
[16:33:52.397][info] [#0:script/workspace/loading.lua:101]: Preload file at: file:///opt/homebrew/Cellar/neovim/0.9.4/share/nvim/runtime/lua/vim/lsp/log.lua , size = 5.151 KB
[16:33:52.399][info] [#0:script/workspace/loading.lua:113]: ++++As library of:	file:///opt/homebrew/Cellar/neovim/0.9.4/share/nvim/runtime/lua
[16:33:52.399][info] [#0:script/workspace/loading.lua:98]: Skip loaded file: file:///opt/homebrew/Cellar/neovim/0.9.4/share/nvim/runtime/lua/vim/lsp/log.lua
[16:33:52.399][info] [#0:script/workspace/loading.lua:101]: Preload file at: file:///opt/homebrew/Cellar/neovim/0.9.4/share/nvim/runtime/lua/vim/lsp/types.lua , size = 0.924 KB
[16:33:52.400][info] [#0:script/workspace/loading.lua:113]: ++++As library of:	file:///opt/homebrew/Cellar/neovim/0.9.4/share/nvim/runtime/lua
[16:33:52.400][info] [#0:script/workspace/loading.lua:98]: Skip loaded file: file:///opt/homebrew/Cellar/neovim/0.9.4/share/nvim/runtime/lua/vim/lsp/types.lua
[16:33:52.400][info] [#0:script/workspace/loading.lua:101]: Preload file at: file:///opt/homebrew/Cellar/neovim/0.9.4/share/nvim/runtime/lua/vim/lsp/util.lua , size = 70.764 KB
[16:33:52.425][info] [#0:script/workspace/loading.lua:113]: ++++As library of:	file:///opt/homebrew/Cellar/neovim/0.9.4/share/nvim/runtime/lua
[16:33:52.425][info] [#0:script/workspace/loading.lua:98]: Skip loaded file: file:///opt/homebrew/Cellar/neovim/0.9.4/share/nvim/runtime/lua/vim/lsp/util.lua
[16:33:52.425][info] [#0:script/workspace/loading.lua:101]: Preload file at: file:///opt/homebrew/Cellar/neovim/0.9.4/share/nvim/runtime/lua/vim/lsp/buf.lua , size = 27.969 KB
[16:33:52.434][info] [#0:script/workspace/loading.lua:113]: ++++As library of:	file:///opt/homebrew/Cellar/neovim/0.9.4/share/nvim/runtime/lua
[16:33:52.434][info] [#0:script/workspace/loading.lua:98]: Skip loaded file: file:///opt/homebrew/Cellar/neovim/0.9.4/share/nvim/runtime/lua/vim/lsp/buf.lua
[16:33:52.434][info] [#0:script/workspace/loading.lua:101]: Preload file at: file:///opt/homebrew/Cellar/neovim/0.9.4/share/nvim/runtime/lua/vim/lsp/_snippet.lua , size = 10.744 KB
[16:33:52.439][info] [#0:script/workspace/loading.lua:113]: ++++As library of:	file:///opt/homebrew/Cellar/neovim/0.9.4/share/nvim/runtime/lua
[16:33:52.439][info] [#0:script/workspace/loading.lua:98]: Skip loaded file: file:///opt/homebrew/Cellar/neovim/0.9.4/share/nvim/runtime/lua/vim/lsp/_snippet.lua
[16:33:52.439][info] [#0:script/workspace/loading.lua:101]: Preload file at: file:///opt/homebrew/Cellar/neovim/0.9.4/share/nvim/runtime/lua/vim/lsp/handlers.lua , size = 23.587 KB
[16:33:52.447][info] [#0:script/workspace/loading.lua:113]: ++++As library of:	file:///opt/homebrew/Cellar/neovim/0.9.4/share/nvim/runtime/lua
[16:33:52.447][info] [#0:script/workspace/loading.lua:98]: Skip loaded file: file:///opt/homebrew/Cellar/neovim/0.9.4/share/nvim/runtime/lua/vim/lsp/handlers.lua
[16:33:52.447][info] [#0:script/workspace/loading.lua:101]: Preload file at: file:///opt/homebrew/Cellar/neovim/0.9.4/share/nvim/runtime/lua/vim/lsp/rpc.lua , size = 23.695 KB
[16:33:52.456][info] [#0:script/workspace/loading.lua:113]: ++++As library of:	file:///opt/homebrew/Cellar/neovim/0.9.4/share/nvim/runtime/lua
[16:33:52.456][info] [#0:script/workspace/loading.lua:98]: Skip loaded file: file:///opt/homebrew/Cellar/neovim/0.9.4/share/nvim/runtime/lua/vim/lsp/rpc.lua
[16:33:52.456][info] [#0:script/workspace/loading.lua:101]: Preload file at: file:///opt/homebrew/Cellar/neovim/0.9.4/share/nvim/runtime/lua/vim/lsp/semantic_tokens.lua , size = 25.936 KB
[16:33:52.465][info] [#0:script/workspace/loading.lua:113]: ++++As library of:	file:///opt/homebrew/Cellar/neovim/0.9.4/share/nvim/runtime/lua
[16:33:52.465][info] [#0:script/workspace/loading.lua:98]: Skip loaded file: file:///opt/homebrew/Cellar/neovim/0.9.4/share/nvim/runtime/lua/vim/lsp/semantic_tokens.lua
[16:33:52.465][info] [#0:script/workspace/loading.lua:101]: Preload file at: file:///opt/homebrew/Cellar/neovim/0.9.4/share/nvim/runtime/lua/vim/lsp/tagfunc.lua , size = 2.339 KB
[16:33:52.466][info] [#0:script/workspace/loading.lua:113]: ++++As library of:	file:///opt/homebrew/Cellar/neovim/0.9.4/share/nvim/runtime/lua
[16:33:52.466][info] [#0:script/workspace/loading.lua:98]: Skip loaded file: file:///opt/homebrew/Cellar/neovim/0.9.4/share/nvim/runtime/lua/vim/lsp/tagfunc.lua
[16:33:52.466][info] [#0:script/workspace/loading.lua:101]: Preload file at: file:///opt/homebrew/Cellar/neovim/0.9.4/share/nvim/runtime/lua/vim/fs.lua , size = 10.702 KB
[16:33:52.470][info] [#0:script/workspace/loading.lua:113]: ++++As library of:	file:///opt/homebrew/Cellar/neovim/0.9.4/share/nvim/runtime/lua
[16:33:52.470][info] [#0:script/workspace/loading.lua:89]: Skip loaded file: file:///opt/homebrew/Cellar/neovim/0.9.4/share/nvim/runtime/lua/vim/fs.lua
[16:33:52.470][info] [#0:script/workspace/loading.lua:113]: ++++As library of:	file:///opt/homebrew/Cellar/neovim/0.9.4/share/nvim/runtime/lua
[16:33:52.470][info] [#0:script/workspace/loading.lua:101]: Preload file at: file:///opt/homebrew/Cellar/neovim/0.9.4/share/nvim/runtime/lua/vim/inspect.lua , size = 8.864 KB
[16:33:52.474][info] [#0:script/workspace/loading.lua:113]: ++++As library of:	file:///opt/homebrew/Cellar/neovim/0.9.4/share/nvim/runtime/lua
[16:33:52.474][info] [#0:script/workspace/loading.lua:98]: Skip loaded file: file:///opt/homebrew/Cellar/neovim/0.9.4/share/nvim/runtime/lua/vim/inspect.lua
[16:33:52.474][info] [#0:script/workspace/loading.lua:101]: Preload file at: file:///opt/homebrew/Cellar/neovim/0.9.4/share/nvim/runtime/lua/vim/lsp.lua , size = 82.377 KB
[16:33:52.499][info] [#0:script/workspace/loading.lua:113]: ++++As library of:	file:///opt/homebrew/Cellar/neovim/0.9.4/share/nvim/runtime/lua
[16:33:52.499][info] [#0:script/workspace/loading.lua:98]: Skip loaded file: file:///opt/homebrew/Cellar/neovim/0.9.4/share/nvim/runtime/lua/vim/lsp.lua
[16:33:52.499][info] [#0:script/workspace/loading.lua:101]: Preload file at: file:///opt/homebrew/Cellar/neovim/0.9.4/share/nvim/runtime/lua/vim/filetype/detect.lua , size = 47.659 KB
[16:33:52.517][info] [#0:script/workspace/loading.lua:113]: ++++As library of:	file:///opt/homebrew/Cellar/neovim/0.9.4/share/nvim/runtime/lua
[16:33:52.517][info] [#0:script/workspace/loading.lua:98]: Skip loaded file: file:///opt/homebrew/Cellar/neovim/0.9.4/share/nvim/runtime/lua/vim/filetype/detect.lua
[16:33:52.517][info] [#0:script/workspace/loading.lua:101]: Preload file at: file:///opt/homebrew/Cellar/neovim/0.9.4/share/nvim/runtime/lua/vim/filetype/options.lua , size = 2.561 KB
[16:33:52.518][info] [#0:script/workspace/loading.lua:113]: ++++As library of:	file:///opt/homebrew/Cellar/neovim/0.9.4/share/nvim/runtime/lua
[16:33:52.518][info] [#0:script/workspace/loading.lua:98]: Skip loaded file: file:///opt/homebrew/Cellar/neovim/0.9.4/share/nvim/runtime/lua/vim/filetype/options.lua
[16:33:52.518][info] [#0:script/workspace/loading.lua:101]: Preload file at: file:///opt/homebrew/Cellar/neovim/0.9.4/share/nvim/runtime/lua/vim/_options.lua , size = 12.261 KB
[16:33:52.523][info] [#0:script/workspace/loading.lua:113]: ++++As library of:	file:///opt/homebrew/Cellar/neovim/0.9.4/share/nvim/runtime/lua
[16:33:52.523][info] [#0:script/workspace/loading.lua:89]: Skip loaded file: file:///opt/homebrew/Cellar/neovim/0.9.4/share/nvim/runtime/lua/vim/_options.lua
[16:33:52.523][info] [#0:script/workspace/loading.lua:113]: ++++As library of:	file:///opt/homebrew/Cellar/neovim/0.9.4/share/nvim/runtime/lua
[16:33:52.524][info] [#0:script/workspace/loading.lua:101]: Preload file at: file:///opt/homebrew/Cellar/neovim/0.9.4/share/nvim/runtime/lua/vim/version.lua , size = 12.146 KB
[16:33:52.529][info] [#0:script/workspace/loading.lua:113]: ++++As library of:	file:///opt/homebrew/Cellar/neovim/0.9.4/share/nvim/runtime/lua
[16:33:52.529][info] [#0:script/workspace/loading.lua:98]: Skip loaded file: file:///opt/homebrew/Cellar/neovim/0.9.4/share/nvim/runtime/lua/vim/version.lua
[16:33:52.529][info] [#0:script/workspace/loading.lua:101]: Preload file at: file:///opt/homebrew/Cellar/neovim/0.9.4/share/nvim/runtime/lua/vim/uri.lua , size = 3.376 KB
[16:33:52.531][info] [#0:script/workspace/loading.lua:113]: ++++As library of:	file:///opt/homebrew/Cellar/neovim/0.9.4/share/nvim/runtime/lua
[16:33:52.531][info] [#0:script/workspace/loading.lua:98]: Skip loaded file: file:///opt/homebrew/Cellar/neovim/0.9.4/share/nvim/runtime/lua/vim/uri.lua
[16:33:52.531][info] [#0:script/workspace/loading.lua:101]: Preload file at: file:///opt/homebrew/Cellar/neovim/0.9.4/share/nvim/runtime/lua/vim/treesitter.lua , size = 15.225 KB
[16:33:52.565][info] [#0:script/workspace/loading.lua:113]: ++++As library of:	file:///opt/homebrew/Cellar/neovim/0.9.4/share/nvim/runtime/lua
[16:33:52.565][info] [#0:script/workspace/loading.lua:98]: Skip loaded file: file:///opt/homebrew/Cellar/neovim/0.9.4/share/nvim/runtime/lua/vim/treesitter.lua
[16:33:52.565][info] [#0:script/workspace/loading.lua:101]: Preload file at: file:///opt/homebrew/Cellar/neovim/0.9.4/share/nvim/runtime/lua/vim/ui.lua , size = 3.672 KB
[16:33:52.566][info] [#0:script/workspace/loading.lua:113]: ++++As library of:	file:///opt/homebrew/Cellar/neovim/0.9.4/share/nvim/runtime/lua
[16:33:52.566][info] [#0:script/workspace/loading.lua:98]: Skip loaded file: file:///opt/homebrew/Cellar/neovim/0.9.4/share/nvim/runtime/lua/vim/ui.lua
[16:33:52.566][info] [#0:script/workspace/loading.lua:101]: Preload file at: file:///opt/homebrew/Cellar/neovim/0.9.4/share/nvim/runtime/lua/vim/_init_packages.lua , size = 2.773 KB
[16:33:52.568][info] [#0:script/workspace/loading.lua:113]: ++++As library of:	file:///opt/homebrew/Cellar/neovim/0.9.4/share/nvim/runtime/lua
[16:33:52.568][info] [#0:script/workspace/loading.lua:98]: Skip loaded file: file:///opt/homebrew/Cellar/neovim/0.9.4/share/nvim/runtime/lua/vim/_init_packages.lua
[16:33:52.568][info] [#0:script/workspace/loading.lua:101]: Preload file at: file:///opt/homebrew/Cellar/neovim/0.9.4/share/nvim/runtime/lua/vim/filetype.lua , size = 74.400 KB
[16:33:52.592][info] [#0:script/workspace/loading.lua:113]: ++++As library of:	file:///opt/homebrew/Cellar/neovim/0.9.4/share/nvim/runtime/lua
[16:33:52.592][info] [#0:script/workspace/loading.lua:98]: Skip loaded file: file:///opt/homebrew/Cellar/neovim/0.9.4/share/nvim/runtime/lua/vim/filetype.lua
[16:33:52.592][info] [#0:script/workspace/loading.lua:101]: Preload file at: file:///opt/homebrew/Cellar/neovim/0.9.4/share/nvim/runtime/lua/vim/_watch.lua , size = 5.387 KB
[16:33:52.594][info] [#0:script/workspace/loading.lua:113]: ++++As library of:	file:///opt/homebrew/Cellar/neovim/0.9.4/share/nvim/runtime/lua
[16:33:52.594][info] [#0:script/workspace/loading.lua:98]: Skip loaded file: file:///opt/homebrew/Cellar/neovim/0.9.4/share/nvim/runtime/lua/vim/_watch.lua
[16:33:52.594][info] [#0:script/workspace/loading.lua:101]: Preload file at: file:///opt/homebrew/Cellar/neovim/0.9.4/share/nvim/runtime/lua/vim/F.lua , size = 0.824 KB
[16:33:52.595][info] [#0:script/workspace/loading.lua:113]: ++++As library of:	file:///opt/homebrew/Cellar/neovim/0.9.4/share/nvim/runtime/lua
[16:33:52.595][info] [#0:script/workspace/loading.lua:98]: Skip loaded file: file:///opt/homebrew/Cellar/neovim/0.9.4/share/nvim/runtime/lua/vim/F.lua
[16:33:52.595][info] [#0:script/workspace/loading.lua:101]: Preload file at: file:///opt/homebrew/Cellar/neovim/0.9.4/share/nvim/runtime/lua/nvim/health.lua , size = 12.706 KB
[16:33:52.599][info] [#0:script/workspace/loading.lua:113]: ++++As library of:	file:///opt/homebrew/Cellar/neovim/0.9.4/share/nvim/runtime/lua
[16:33:52.599][info] [#0:script/workspace/loading.lua:98]: Skip loaded file: file:///opt/homebrew/Cellar/neovim/0.9.4/share/nvim/runtime/lua/nvim/health.lua
[16:33:52.599][info] [#0:script/workspace/loading.lua:101]: Preload file at: file:///opt/homebrew/Cellar/neovim/0.9.4/share/nvim/runtime/lua/man.lua , size = 25.082 KB
[16:33:52.609][info] [#0:script/workspace/loading.lua:113]: ++++As library of:	file:///opt/homebrew/Cellar/neovim/0.9.4/share/nvim/runtime/lua
[16:33:52.609][info] [#0:script/workspace/loading.lua:98]: Skip loaded file: file:///opt/homebrew/Cellar/neovim/0.9.4/share/nvim/runtime/lua/man.lua
[16:33:52.609][info] [#0:script/workspace/loading.lua:101]: Preload file at: file:///opt/homebrew/Cellar/neovim/0.9.4/share/nvim/runtime/lua/_vim9script.lua , size = 15.439 KB
[16:33:52.615][info] [#0:script/workspace/loading.lua:113]: ++++As library of:	file:///opt/homebrew/Cellar/neovim/0.9.4/share/nvim/runtime/lua
[16:33:52.615][info] [#0:script/workspace/loading.lua:98]: Skip loaded file: file:///opt/homebrew/Cellar/neovim/0.9.4/share/nvim/runtime/lua/_vim9script.lua
[16:33:52.615][info] [#0:script/workspace/loading.lua:101]: Preload file at: file:///opt/homebrew/Cellar/neovim/0.9.4/share/nvim/runtime/lua/editorconfig.lua , size = 7.479 KB
[16:33:52.619][info] [#0:script/workspace/loading.lua:113]: ++++As library of:	file:///opt/homebrew/Cellar/neovim/0.9.4/share/nvim/runtime/lua
[16:33:52.619][info] [#0:script/workspace/loading.lua:98]: Skip loaded file: file:///opt/homebrew/Cellar/neovim/0.9.4/share/nvim/runtime/lua/editorconfig.lua
[16:33:52.619][info] [#0:script/workspace/loading.lua:101]: Preload file at: file:///Users/royhuang/.config/coc/extensions/coc-sumneko-lua-data/sumneko-lua-ls/extension/server/meta/Lua%205.4%20en-us%20utf8/io.lua , size = 6.364 KB
[16:33:52.621][info] [#0:script/workspace/loading.lua:113]: ++++As library of:	file:///Users/royhuang/.config/coc/extensions/coc-sumneko-lua-data/sumneko-lua-ls/extension/server/meta/Lua%205.4%20en-us%20utf8/io.lua
[16:33:52.621][info] [#0:script/workspace/loading.lua:98]: Skip loaded file: file:///Users/royhuang/.config/coc/extensions/coc-sumneko-lua-data/sumneko-lua-ls/extension/server/meta/Lua%205.4%20en-us%20utf8/io.lua
[16:33:52.621][info] [#0:script/workspace/loading.lua:89]: Skip loaded file: file:///Users/royhuang/Library/Mobile%20Documents/com~apple~CloudDocs/Documents/ucare/cs230-ta/p3-solution/src/vm/xmake.lua
[16:33:52.621][info] [#0:script/workspace/loading.lua:173]: Loaded files takes [0.745] sec: file:///Users/royhuang/Library/Mobile%20Documents/com~apple~CloudDocs/Documents/ucare/cs230-ta/p3-solution/src/vm
[16:33:52.622][info] [#0:script/workspace/loading.lua:182]: Compile files takes [0.000] sec: file:///Users/royhuang/Library/Mobile%20Documents/com~apple~CloudDocs/Documents/ucare/cs230-ta/p3-solution/src/vm
[16:33:52.622][info] [#0:script/workspace/loading.lua:183]: Loaded finish:	file:///Users/royhuang/Library/Mobile%20Documents/com~apple~CloudDocs/Documents/ucare/cs230-ta/p3-solution/src/vm
[16:33:52.622][info] [#0:script/workspace/workspace.lua:379]: Preload finish at:	file:///Users/royhuang/Library/Mobile%20Documents/com~apple~CloudDocs/Documents/ucare/cs230-ta/p3-solution/src/vm
[16:33:52.635][info] [#0:script/workspace/loading.lua:173]: Loaded files takes [0.759] sec: <fallback>
[16:33:52.635][info] [#0:script/workspace/loading.lua:182]: Compile files takes [0.000] sec: <fallback>
[16:33:52.635][info] [#0:script/workspace/loading.lua:183]: Loaded finish:	<fallback>
[16:33:52.635][info] [#0:script/workspace/workspace.lua:379]: Preload finish at:	<fallback>
[16:33:52.647][warn] [#0:script/proto/proto.lua:129]: Response of [workspace/diagnostic/refresh] error [-32601]: Unhandled method workspace/diagnostic/refresh
[16:33:52.648][warn] [#0:script/proto/proto.lua:178]: Method [textDocument/didOpen] takes [0.811]sec. {
  jsonrpc = "2.0",
  method = "textDocument/didOpen",
  params = {
    textDocument = {
      languageId = "lua",
      text = '"***"',
      uri = "file:///Users/royhuang/Library/Mobile%20Documents/com~apple~CloudDocs/Documents/ucare/cs230-ta/p3-solution/src/vm/xmake.lua",
      version = 1
    }
  }
}
[16:33:52.648][warn] [#0:script/proto/proto.lua:129]: Response of [workspace/diagnostic/refresh] error [-32601]: Unhandled method workspace/diagnostic/refresh
[16:33:53.652][info] [#0:script/provider/diagnostic.lua:557]: Diagnostics scope [file:///Users/royhuang/Library/Mobile%20Documents/com~apple~CloudDocs/Documents/ucare/cs230-ta/p3-solution/src/vm], files count:[75]
[16:33:53.849][info] [#0:script/provider/diagnostic.lua:574]: Diagnostics scope [file:///Users/royhuang/Library/Mobile%20Documents/com~apple~CloudDocs/Documents/ucare/cs230-ta/p3-solution/src/vm] finished, takes [0.195] sec.
